00:00:00.000135 main     VirtualBox XPCOM Server 6.0.14 r132055 linux.amd64 (Oct 16 2019 06:57:26) release log
00:00:00.000137 main     Log opened 2019-10-27T13:53:07.300200000Z
00:00:00.000138 main     Build Type: release
00:00:00.000140 main     OS Product: Linux
00:00:00.000140 main     OS Release: 5.3.7-arch1-1-ARCH
00:00:00.000141 main     OS Version: #1 SMP PREEMPT Fri Oct 18 00:17:03 UTC 2019
00:00:00.000155 main     DMI Product Name: 10MQS2MP00
00:00:00.000164 main     DMI Product Version: ThinkCentre M710q
00:00:00.000188 main     Host RAM: 7852MB (7.6GB) total, 6151MB (6.0GB) available
00:00:00.000190 main     Executable: /usr/lib/virtualbox/VBoxSVC
00:00:00.000191 main     Process ID: 65768
00:00:00.000191 main     Package type: LINUX_64BITS_GENERIC (OSE)
00:00:00.001609 main     IPC socket path: /tmp/.vbox-deathbringer-ipc/ipcd
00:00:00.107142 nspr-2   VirtualBox: object creation starts
00:00:00.107268 nspr-2   Home directory: '/home/deathbringer/.config/VirtualBox'
00:00:00.121386 nspr-2   NetIfAdpCtlOut: VBoxNetAdpCtl: Error while retrieving link status for wlp0s20f0u5: VBoxNetAdpCtl: ioctl failed: Operation not supported
00:00:00.123045 nspr-2   NAT: resolv.conf: nameserver 103.245.69.5
00:00:00.123077 nspr-2   NAT: resolv.conf: nameserver 103.245.69.6
00:00:00.123101 nspr-2   HostDnsMonitor::updateInfo
00:00:00.123134 nspr-2   HostDnsMonitor: old information
00:00:00.123142 nspr-2     no server entries
00:00:00.123149 nspr-2     no domain set
00:00:00.123156 nspr-2     no search string entries
00:00:00.123162 nspr-2   HostDnsMonitor: new information
00:00:00.123168 nspr-2     server 1: 103.245.69.5
00:00:00.123176 nspr-2     server 2: 103.245.69.6
00:00:00.123183 nspr-2     no domain set
00:00:00.123189 nspr-2     no search string entries
00:00:00.128214 nspr-2   Failed to open "/dev/vboxdrvu", errno=2, rc=VERR_VM_DRIVER_NOT_INSTALLED
00:00:00.128598 nspr-2   VD: VDInit finished with VINF_SUCCESS
00:00:00.128789 nspr-2   ERROR [COM]: aRC=NS_ERROR_FAILURE (0x80004005) aIID={d55176e5-6730-4e9e-fc1f-a59b1f44f78f} aComponent={SystemPropertiesWrap} aText={Cannot determine default Guest Additions ISO location. Most likely they are not available}, preserve=false aResultDetail=0
00:00:00.129736 nspr-2   VirtualBox: object created
00:00:02.852996 nspr-2   Saving settings file "/home/deathbringer/.config/VirtualBox/VirtualBox.xml" with version "1.12-linux"
00:00:02.864284 nspr-2   Saving settings file "/home/deathbringer/.config/VirtualBox/VirtualBox.xml" with version "1.12-linux"
00:00:05.875125 nspr-3   Saving settings file "/home/deathbringer/.config/VirtualBox/VirtualBox.xml" with version "1.12-linux"
00:00:05.883348 nspr-3   Saving settings file "/home/deathbringer/.config/VirtualBox/VirtualBox.xml" with version "1.12-linux"
00:00:05.892663 nspr-2   Saving settings file "/home/deathbringer/.config/VirtualBox/VirtualBox.xml" with version "1.12-linux"
00:00:05.905027 nspr-2   Saving settings file "/home/deathbringer/.config/VirtualBox/VirtualBox.xml" with version "1.12-linux"
00:00:05.911850 nspr-3   Saving settings file "/home/deathbringer/.config/VirtualBox/VirtualBox.xml" with version "1.12-linux"
00:00:05.919183 nspr-2   Saving settings file "/home/deathbringer/.config/VirtualBox/VirtualBox.xml" with version "1.12-linux"
00:00:11.432983 main     VirtualBox: object deletion starts
00:00:11.633176 Watcher  ERROR [COM]: aRC=E_ACCESSDENIED (0x80070005) aIID={d0a0163f-e254-4e5b-a1f2-011cf991c38d} aComponent={VirtualBoxWrap} aText={The object is not ready}, preserve=false aResultDetail=0
00:00:16.434100 main     {00007f09c4016160} HostPowerServiceLinux::~HostPowerServiceLinux: RTThreadWait() for 5000 ms failed with VERR_TIMEOUT
00:00:16.434563 main     VirtualBox: object deleted
